<?xml version="1.0" encoding="UTF-8"?>
<!-- Generated by org.testng.reporters.JUnitReportReporter -->
<testsuite hostname="LAPTOP-F3ENBHRG" failures="0" tests="1" name="com.bit.dp.logger" time="0.024" errors="0" timestamp="2023-02-12T14:49:39 EST" skipped="0">
  <testcase classname="com.bit.dp.logger" name="logM" time="0.024"/>
  <system-out/>
</testsuite> <!-- com.bit.dp.logger -->
